<?xml version="1.0" encoding="utf-8"?><testsuites name="pytest tests"><testsuite name="pytest" errors="0" failures="0" skipped="0" tests="11" time="3.395" timestamp="2026-09-11T08:03:51.048999+00:00" hostname="agent-env-b4302123-4b2c-40a2-9424-9f7bd1d0426d"><testcase classname="tests.test_new_features.TestScoreObject" name="test_score_50_percent" time="0.502" /><testcase classname="tests.test_new_features.TestScoreObject" name="test_score_100_percent" time="0.174" /><testcase classname="tests.test_new_features.TestScoreObject" name="test_score_null_when_no_std_answers" time="0.112" /><testcase classname="tests.test_new_features.TestScoreObject" name="test_score_present_in_list_and_detail" time="0.232" /><testcase classname="tests.test_new_features.TestStats" name="test_stats_shape_and_aggregation" time="0.127" /><testcase classname="tests.test_new_features.TestStats" name="test_stats_isolated_per_user" time="0.460" /><testcase classname="tests.test_new_features.TestStats" name="test_stats_requires_auth" time="0.109" /><testcase classname="tests.test_new_features.TestFilterListing" name="test_list_filter_by_form_type" time="0.137" /><testcase classname="tests.test_new_features.TestPDFPhotoEmbed" name="test_pdf_grows_with_photo" time="0.983" /><testcase classname="tests.test_new_features.TestUploadEndpoints" name="test_upload_base64_returns_path" time="0.242" /><testcase classname="tests.test_new_features.TestUploadEndpoints" name="test_upload_multipart_returns_path" time="0.250" /></testsuite></testsuites>