<?xml version="1.0" encoding="utf-8"?><testsuites name="pytest tests"><testsuite name="pytest" errors="0" failures="0" skipped="0" tests="18" time="174.723" timestamp="2026-09-11T12:21:21.338849+00:00" hostname="agent-env-8b50c604-bbae-423a-8465-5becf1c21fb6"><testcase classname="tests.backend_test.TestPDFExports" name="test_export_labels_all_get" time="58.982" /><testcase classname="tests.backend_test.TestRecords" name="test_create_record" time="55.328" /><testcase classname="tests.backend_test.TestRecords" name="test_list_records" time="0.292" /><testcase classname="tests.backend_test.TestRecords" name="test_stats" time="0.089" /><testcase classname="tests.backend_test.TestRecords" name="test_update_record" time="0.328" /><testcase classname="tests.backend_test.TestRecords" name="test_delete_record" time="0.091" /><testcase classname="tests.backend_test.TestAuth" name="test_login_success" time="0.308" /><testcase classname="tests.backend_test.TestAuth" name="test_login_invalid" time="0.482" /><testcase classname="tests.backend_test.TestAuth" name="test_records_requires_auth" time="0.171" /><testcase classname="tests.backend_test.TestAuth" name="test_me" time="0.079" /><testcase classname="tests.backend_test.TestExcelImport" name="test_template_download" time="0.084" /><testcase classname="tests.backend_test.TestExcelImport" name="test_import_preview_does_not_insert" time="0.733" /><testcase classname="tests.backend_test.TestExcelImport" name="test_import_confirm_inserts" time="0.352" /><testcase classname="tests.backend_test" name="test_zz_cleanup" time="0.392" /><testcase classname="tests.backend_test.TestPDFExports" name="test_export_table_all_get" time="57.623" /><testcase classname="tests.backend_test.TestPDFExports" name="test_export_labels_selected_post" time="0.410" /><testcase classname="tests.backend_test.TestPDFExports" name="test_export_table_selected_post" time="0.305" /><testcase classname="tests.backend_test.TestPDFExports" name="test_export_labels_empty_ids" time="56.603" /></testsuite></testsuites>