<?xml version="1.0" encoding="utf-8"?><testsuites name="pytest tests"><testsuite name="pytest" errors="0" failures="0" skipped="0" tests="18" time="4.541" timestamp="2026-09-11T07:48:17.310544+00:00" hostname="agent-env-b4302123-4b2c-40a2-9424-9f7bd1d0426d"><testcase classname="tests.backend_test.TestAuth" name="test_login_success" time="0.759" /><testcase classname="tests.backend_test.TestAuth" name="test_login_wrong_password" time="0.336" /><testcase classname="tests.backend_test.TestAuth" name="test_me_valid" time="0.132" /><testcase classname="tests.backend_test.TestAuth" name="test_me_missing_token" time="0.127" /><testcase classname="tests.backend_test.TestAuth" name="test_register_duplicate" time="0.121" /><testcase classname="tests.backend_test.TestUpload" name="test_upload_base64_requires_auth" time="0.114" /><testcase classname="tests.backend_test.TestUpload" name="test_upload_base64_success" time="0.248" /><testcase classname="tests.backend_test.TestUpload" name="test_files_requires_token" time="0.115" /><testcase classname="tests.backend_test.TestUpload" name="test_files_with_token" time="0.266" /><testcase classname="tests.backend_test.TestInspections" name="test_create_all_form_types" time="0.502" /><testcase classname="tests.backend_test.TestInspections" name="test_list_only_current_user_newest_first" time="0.116" /><testcase classname="tests.backend_test.TestInspections" name="test_get_owned" time="0.135" /><testcase classname="tests.backend_test.TestInspections" name="test_get_invalid_id_returns_404" time="0.132" /><testcase classname="tests.backend_test.TestInspections" name="test_get_other_users_inspection_returns_404" time="0.453" /><testcase classname="tests.backend_test.TestInspections" name="test_export_pdf" time="0.189" /><testcase classname="tests.backend_test.TestInspections" name="test_export_excel" time="0.258" /><testcase classname="tests.backend_test.TestInspections" name="test_export_requires_token" time="0.120" /><testcase classname="tests.backend_test.TestInspections" name="test_delete_soft_removes_from_list" time="0.349" /></testsuite></testsuites>